빌드 시작: 2014-08-09 오후 10:19:49
     1>2 노드의 "C:\Users\dypark\Dropbox\개인용\heesu\heesu\heesu.vcxproj" 프로젝트(Build 대상)입니다.
     1>ClCompile:
         C:\Program Files (x86)\Microsoft Visual Studio 12.0\VC\bin\CL.exe /c /IC:\opencv\build\include /ZI /nologo /W3 /WX- /sdl /Od /Oy- /D WIN32 /D _DEBUG /D _CONSOLE /D _LIB /D _UNICODE /D UNICODE /Gm /EHsc /RTC1 /MDd /GS /fp:precise /Zc:wchar_t /Zc:forScope /Fo"Debug\\" /Fd"Debug\vc120.pdb" /Gd /TP /analyze- /errorReport:prompt mental.cpp
         mental.cpp
     1>c:\users\dypark\dropbox\개인용\heesu\heesu\mental.h(184): warning C4244: '인수' : 'float'에서 'int'(으)로 변환하면서 데이터가 손실될 수 있습니다.
     1>c:\users\dypark\dropbox\개인용\heesu\heesu\mental.h(185): warning C4244: '인수' : 'double'에서 'int'(으)로 변환하면서 데이터가 손실될 수 있습니다.
     1>c:\users\dypark\dropbox\개인용\heesu\heesu\mental.h(187): warning C4244: '인수' : 'double'에서 'int'(으)로 변환하면서 데이터가 손실될 수 있습니다.
     1>c:\users\dypark\dropbox\개인용\heesu\heesu\mental.cpp(641): warning C4805: '!=' : 연산에 'INT' 형식과 'bool' 형식을 함께 사용하는 것은 안전하지 않습니다.
     1>c:\users\dypark\dropbox\개인용\heesu\heesu\mental.cpp(1207): warning C4244: '=' : 'int'에서 'float'(으)로 변환하면서 데이터가 손실될 수 있습니다.
     1>c:\users\dypark\dropbox\개인용\heesu\heesu\mental.cpp(1242): warning C4244: '=' : 'int'에서 'float'(으)로 변환하면서 데이터가 손실될 수 있습니다.
     1>c:\users\dypark\dropbox\개인용\heesu\heesu\mental.cpp(1705): warning C4101: 'x0' :참조되지 않은 지역 변수입니다.
     1>c:\users\dypark\dropbox\개인용\heesu\heesu\mental.cpp(1730): warning C4101: 'x0' :참조되지 않은 지역 변수입니다.
     1>c:\users\dypark\dropbox\개인용\heesu\heesu\mental.cpp(1526): warning C4715: 'gaussian_recursive' : 모든 제어 경로에서 값을 반환하지는 않습니다.
       Link:
         C:\Program Files (x86)\Microsoft Visual Studio 12.0\VC\bin\link.exe /ERRORREPORT:PROMPT /OUT:"C:\Users\dypark\Dropbox\개인용\heesu\Debug\heesu.exe" /INCREMENTAL /NOLOGO /LIBPATH:C:\opencv\build\x86\vc12\lib opencv_calib3d248d.lib opencv_contrib248d.lib opencv_core248d.lib opencv_features2d248d.lib opencv_flann248d.lib opencv_gpu248d.lib opencv_highgui248d.lib opencv_imgproc248d.lib opencv_legacy248d.lib opencv_ml248d.lib opencv_nonfree248d.lib opencv_objdetect248d.lib opencv_photo248d.lib opencv_stitching248d.lib opencv_superres248d.lib opencv_ts248d.lib opencv_video248d.lib opencv_videostab248d.lib kernel32.lib user32.lib gdi32.lib winspool.lib comdlg32.lib advapi32.lib shell32.lib ole32.lib oleaut32.lib uuid.lib odbc32.lib odbccp32.lib /MANIFEST /MANIFESTUAC:"level='asInvoker' uiAccess='false'" /manifest:embed /DEBUG /PDB:"C:\Users\dypark\Dropbox\개인용\heesu\Debug\heesu.pdb" /SUBSYSTEM:CONSOLE /TLBID:1 /DYNAMICBASE /NXCOMPAT /IMPLIB:"C:\Users\dypark\Dropbox\개인용\heesu\Debug\heesu.lib" /MACHINE:X86 Debug\main.obj
         Debug\mental.obj
         heesu.vcxproj -> C:\Users\dypark\Dropbox\개인용\heesu\Debug\heesu.exe
     1>"C:\Users\dypark\Dropbox\개인용\heesu\heesu\heesu.vcxproj" 프로젝트를 빌드했습니다(Build 대상).

빌드했습니다.

경과 시간: 00:00:01.52
